19:18:32 **** Incremental Build of project PID-Debug@build ****
/usr/bin/make -j4 all 
/usr/bin/cmake -H"/home/lukieluke/Documents/Udacity courses/Self driving car/Term2/Lesson17_PID_Project/CarND-PID-Control-Project/ide_eclipse/src" -B"/home/lukieluke/Documents/Udacity courses/Self driving car/Term2/Lesson17_PID_Project/CarND-PID-Control-Project/ide_eclipse/build" --check-build-system CMakeFiles/Makefile.cmake 0
/usr/bin/cmake -E cmake_progress_start "/home/lukieluke/Documents/Udacity courses/Self driving car/Term2/Lesson17_PID_Project/CarND-PID-Control-Project/ide_eclipse/build/CMakeFiles" "/home/lukieluke/Documents/Udacity courses/Self driving car/Term2/Lesson17_PID_Project/CarND-PID-Control-Project/ide_eclipse/build/CMakeFiles/progress.marks"
/usr/bin/make -f CMakeFiles/Makefile2 all
make[1]: Entering directory '/home/lukieluke/Documents/Udacity courses/Self driving car/Term2/Lesson17_PID_Project/CarND-PID-Control-Project/ide_eclipse/build'
/usr/bin/make -f CMakeFiles/pid.dir/build.make CMakeFiles/pid.dir/depend
make[2]: Entering directory '/home/lukieluke/Documents/Udacity courses/Self driving car/Term2/Lesson17_PID_Project/CarND-PID-Control-Project/ide_eclipse/build'
cd "/home/lukieluke/Documents/Udacity courses/Self driving car/Term2/Lesson17_PID_Project/CarND-PID-Control-Project/ide_eclipse/build" && /usr/bin/cmake -E cmake_depends "Unix Makefiles" "/home/lukieluke/Documents/Udacity courses/Self driving car/Term2/Lesson17_PID_Project/CarND-PID-Control-Project/ide_eclipse/src" "/home/lukieluke/Documents/Udacity courses/Self driving car/Term2/Lesson17_PID_Project/CarND-PID-Control-Project/ide_eclipse/src" "/home/lukieluke/Documents/Udacity courses/Self driving car/Term2/Lesson17_PID_Project/CarND-PID-Control-Project/ide_eclipse/build" "/home/lukieluke/Documents/Udacity courses/Self driving car/Term2/Lesson17_PID_Project/CarND-PID-Control-Project/ide_eclipse/build" "/home/lukieluke/Documents/Udacity courses/Self driving car/Term2/Lesson17_PID_Project/CarND-PID-Control-Project/ide_eclipse/build/CMakeFiles/pid.dir/DependInfo.cmake" --color=
Scanning dependencies of target pid
make[2]: Leaving directory '/home/lukieluke/Documents/Udacity courses/Self driving car/Term2/Lesson17_PID_Project/CarND-PID-Control-Project/ide_eclipse/build'
/usr/bin/make -f CMakeFiles/pid.dir/build.make CMakeFiles/pid.dir/build
make[2]: Entering directory '/home/lukieluke/Documents/Udacity courses/Self driving car/Term2/Lesson17_PID_Project/CarND-PID-Control-Project/ide_eclipse/build'
[ 33%] Building CXX object CMakeFiles/pid.dir/main.cpp.o
/usr/bin/c++    -I/usr/local/include  -Wall -g   -std=c++11 -o CMakeFiles/pid.dir/main.cpp.o -c "/home/lukieluke/Documents/Udacity courses/Self driving car/Term2/Lesson17_PID_Project/CarND-PID-Control-Project/ide_eclipse/src/main.cpp"
/home/lukieluke/Documents/Udacity courses/Self driving car/Term2/Lesson17_PID_Project/CarND-PID-Control-Project/ide_eclipse/src/main.cpp: In lambda function:
/home/lukieluke/Documents/Udacity courses/Self driving car/Term2/Lesson17_PID_Project/CarND-PID-Control-Project/ide_eclipse/src/main.cpp:99:18: warning: unused variable ‘angle’ [-Wunused-variable]
           double angle = std::stod(j[1]["steering_angle"].get<std::string>());
                  ^
/home/lukieluke/Documents/Udacity courses/Self driving car/Term2/Lesson17_PID_Project/CarND-PID-Control-Project/ide_eclipse/src/main.cpp:106:18: warning: unused variable ‘duration’ [-Wunused-variable]
           double duration = std::chrono::duration_cast<std::chrono::milliseconds>(new_msg - old_msg).count();
                  ^
[ 66%] Linking CXX executable pid
/usr/bin/cmake -E cmake_link_script CMakeFiles/pid.dir/link.txt --verbose=1
/usr/bin/c++   -Wall -g   CMakeFiles/pid.dir/PID.cpp.o CMakeFiles/pid.dir/main.cpp.o  -o pid  -L/usr/local/lib -lz -lssl -luv -luWS -Wl,-rpath,/usr/local/lib 
make[2]: Leaving directory '/home/lukieluke/Documents/Udacity courses/Self driving car/Term2/Lesson17_PID_Project/CarND-PID-Control-Project/ide_eclipse/build'
[100%] Built target pid
make[1]: Leaving directory '/home/lukieluke/Documents/Udacity courses/Self driving car/Term2/Lesson17_PID_Project/CarND-PID-Control-Project/ide_eclipse/build'
/usr/bin/cmake -E cmake_progress_start "/home/lukieluke/Documents/Udacity courses/Self driving car/Term2/Lesson17_PID_Project/CarND-PID-Control-Project/ide_eclipse/build/CMakeFiles" 0

19:18:34 Build Finished (took 2s.326ms)

